Build started 5/26/2015 5:19:16 PM.
     1>Project "C:\Users\labadmin\Downloads\protobuf-3.0.0-alpha-2\vsprojects\lite-test.vcxproj" on node 3 (Build target(s)).
     1>CustomBuild:
         Generating unittest_import_lite.pb.{h,cc}...
         'Debug\protoc' is not recognized as an internal or external command,
         operable program or batch file.
         Generating unittest_import_public_lite.pb.{h,cc}...
         'Debug\protoc' is not recognized as an internal or external command,
         operable program or batch file.
         Generating unittest_lite.pb.{h,cc}...
         'Debug\protoc' is not recognized as an internal or external command,
         operable program or batch file.
     1>C:\Program Files (x86)\MSBuild\Microsoft.Cpp\v4.0\V120\Microsoft.CppCommon.targets(170,5): error MSB6006: "cmd.exe" exited with code 9009.
     1>Done Building Project "C:\Users\labadmin\Downloads\protobuf-3.0.0-alpha-2\vsprojects\lite-test.vcxproj" (Build target(s)) -- FAILED.

Build FAILED.

Time Elapsed 00:00:00.06
