Build started 5/26/2015 5:19:18 PM.
     1>Project "C:\Users\labadmin\Downloads\protobuf-3.0.0-alpha-2\vsprojects\tests.vcxproj" on node 4 (Build target(s)).
     1>CustomBuild:
         Generating cpp_test_bad_identifiers.pb.{h,cc}...
         'Debug\protoc' is not recognized as an internal or external command,
         operable program or batch file.
         Generating map_lite_unittest.pb.{h,cc}...
         'Debug\protoc' is not recognized as an internal or external command,
         operable program or batch file.
         Generating map_proto2_unittest.pb.{h,cc}...
         'Debug\protoc' is not recognized as an internal or external command,
         operable program or batch file.
         Generating map_unittest.pb.{h,cc}...
         'Debug\protoc' is not recognized as an internal or external command,
         operable program or batch file.
         Generating unittest.pb.{h,cc}...
         'Debug\protoc' is not recognized as an internal or external command,
         operable program or batch file.
         Generating unittest_arena.pb.{h,cc}...
         'Debug\protoc' is not recognized as an internal or external command,
         operable program or batch file.
         Generating unittest_custom_options.pb.{h,cc}...
         'Debug\protoc' is not recognized as an internal or external command,
         operable program or batch file.
         Generating unittest_drop_unknown_fields.pb.{h,cc}...
         'Debug\protoc' is not recognized as an internal or external command,
         operable program or batch file.
         Generating unittest_embed_optimize_for.pb.{h,cc}...
         'Debug\protoc' is not recognized as an internal or external command,
         operable program or batch file.
         Generating unittest_empty.pb.{h,cc}...
         'Debug\protoc' is not recognized as an internal or external command,
         operable program or batch file.
         Generating unittest_import.pb.{h,cc}...
         'Debug\protoc' is not recognized as an internal or external command,
         operable program or batch file.
         Generating unittest_import_lite.pb.{h,cc}...
         'Debug\protoc' is not recognized as an internal or external command,
         operable program or batch file.
         Generating unittest_import_public.pb.{h,cc}...
         'Debug\protoc' is not recognized as an internal or external command,
         operable program or batch file.
         Generating unittest_import_public_lite.pb.{h,cc}...
         'Debug\protoc' is not recognized as an internal or external command,
         operable program or batch file.
         Generating unittest_lite.pb.{h,cc}...
         'Debug\protoc' is not recognized as an internal or external command,
         operable program or batch file.
         Generating unittest_lite_imports_nonlite.pb.{h,cc}...
         'Debug\protoc' is not recognized as an internal or external command,
         operable program or batch file.
         Generating unittest_mset.pb.{h,cc}...
         'Debug\protoc' is not recognized as an internal or external command,
         operable program or batch file.
         Generating unittest_no_arena.pb.{h,cc}...
         'Debug\protoc' is not recognized as an internal or external command,
         operable program or batch file.
         Generating unittest_no_arena_import.pb.{h,cc}...
         'Debug\protoc' is not recognized as an internal or external command,
         operable program or batch file.
         Generating unittest_no_field_presence.pb.{h,cc}...
         'Debug\protoc' is not recognized as an internal or external command,
         operable program or batch file.
         Generating unittest_no_generic_services.pb.{h,cc}...
         'Debug\protoc' is not recognized as an internal or external command,
         operable program or batch file.
         Generating unittest_optimize_for.pb.{h,cc}...
         'Debug\protoc' is not recognized as an internal or external command,
         operable program or batch file.
         Generating unittest_preserve_unknown_enum.pb.{h,cc}...
         'Debug\protoc' is not recognized as an internal or external command,
         operable program or batch file.
         Generating unittest_proto3_arena.pb.{h,cc}...
         'Debug\protoc' is not recognized as an internal or external command,
         operable program or batch file.
     1>C:\Program Files (x86)\MSBuild\Microsoft.Cpp\v4.0\V120\Microsoft.CppCommon.targets(170,5): error MSB6006: "cmd.exe" exited with code 9009.
     1>Done Building Project "C:\Users\labadmin\Downloads\protobuf-3.0.0-alpha-2\vsprojects\tests.vcxproj" (Build target(s)) -- FAILED.

Build FAILED.

Time Elapsed 00:00:00.11
